<?xml version="1.0" encoding="UTF-8"?>
<testsuite xmlns:xsi="http://www.w3.org/2001/XMLSchema-instance" xsi:noNamespaceSchemaLocation="https://maven.apache.org/surefire/maven-surefire-plugin/xsd/surefire-test-report-3.0.xsd" version="3.0" name="com.cibertec.UltimoServicioRestApiApplicationTests" time="14.988" tests="1" errors="0" skipped="0" failures="0">
  <properties>
[...]
</properties>
  <testcase name="contextLoads" classname="com.cibertec.UltimoServicioRestApiApplicationTests" time="1.221">
    <system-out><![CDATA[16:20:59.780 [main] INFO org.springframework.test.context.support.AnnotationConfigContextLoaderUtils -- Could not detect default configuration classes for test class [com.cibertec.UltimoServicioRestApiApplicationTests]: UltimoServicioRestApiApplicationTests does not declare any static, non-private, non-final, nested classes annotated with @Configuration.
16:20:59.994 [main] INFO org.springframework.boot.test.context.SpringBootTestContextBootstrapper -- Found @SpringBootConfiguration com.cibertec.UltimoServicioRestApiApplication for test class com.cibertec.UltimoServicioRestApiApplicationTests
16:21:00.561 [main] INFO org.springframework.boot.devtools.restart.RestartApplicationListener -- Restart disabled due to context in which it is running

  .   ____          _            __ _ _
 /\\ / ___'_ __ _ _(_)_ __  __ _ \ \ \ \
( ( )\___ | '_ | '_| | '_ \/ _` | \ \ \ \
 \\/  ___)| |_)| | | | | || (_| |  ) ) ) )
  '  |____| .__|_| |_|_| |_\__, | / / / /
 =========|_|==============|___/=/_/_/_/
 :: Spring Boot ::                (v3.1.5)

2023-11-07T16:21:01.142-05:00  INFO 16524 --- [           main] .c.UltimoServicioRestApiApplicationTests : Starting UltimoServicioRestApiApplicationTests using Java 17.0.7 with PID 16524 (started by Andrew in C:\Users\Andrew\OneDrive - CIBERTEC\Desktop\API-REST-Moviles02\ULTIMO-SERVICIO-REST-API)
2023-11-07T16:21:01.148-05:00  INFO 16524 --- [           main] .c.UltimoServicioRestApiApplicationTests : No active profile set, falling back to 1 default profile: "default"
2023-11-07T16:21:02.505-05:00  INFO 16524 --- [           main] .s.d.r.c.RepositoryConfigurationDelegate : Bootstrapping Spring Data JPA repositories in DEFAULT mode.
2023-11-07T16:21:02.984-05:00  INFO 16524 --- [           main] .s.d.r.c.RepositoryConfigurationDelegate : Finished Spring Data repository scanning in 459 ms. Found 3 JPA repository interfaces.
2023-11-07T16:21:03.883-05:00  INFO 16524 --- [           main] o.hibernate.jpa.internal.util.LogHelper  : HHH000204: Processing PersistenceUnitInfo [name: default]
2023-11-07T16:21:04.101-05:00  INFO 16524 --- [           main] org.hibernate.Version                    : HHH000412: Hibernate ORM core version 6.2.13.Final
2023-11-07T16:21:04.120-05:00  INFO 16524 --- [           main] org.hibernate.cfg.Environment            : HHH000406: Using bytecode reflection optimizer
2023-11-07T16:21:04.455-05:00 DEBUG 16524 --- [           main] org.hibernate.type.BasicTypeRegistry     : Adding type registration boolean -> org.hibernate.type.BasicTypeReference@619c93ca
2023-11-07T16:21:04.456-05:00 DEBUG 16524 --- [           main] org.hibernate.type.BasicTypeRegistry     : Adding type registration boolean -> org.hibernate.type.BasicTypeReference@619c93ca
2023-11-07T16:21:04.456-05:00 DEBUG 16524 --- [           main] org.hibernate.type.BasicTypeRegistry     : Adding type registration java.lang.Boolean -> org.hibernate.type.BasicTypeReference@619c93ca
2023-11-07T16:21:04.456-05:00 DEBUG 16524 --- [           main] org.hibernate.type.BasicTypeRegistry     : Adding type registration numeric_boolean -> org.hibernate.type.BasicTypeReference@486e9d1d
2023-11-07T16:21:04.456-05:00 DEBUG 16524 --- [           main] org.hibernate.type.BasicTypeRegistry     : Adding type registration org.hibernate.type.NumericBooleanConverter -> org.hibernate.type.BasicTypeReference@486e9d1d
2023-11-07T16:21:04.456-05:00 DEBUG 16524 --- [           main] org.hibernate.type.BasicTypeRegistry     : Adding type registration true_false -> org.hibernate.type.BasicTypeReference@6aa5974e
2023-11-07T16:21:04.456-05:00 DEBUG 16524 --- [           main] org.hibernate.type.BasicTypeRegistry     : Adding type registration org.hibernate.type.TrueFalseConverter -> org.hibernate.type.BasicTypeReference@6aa5974e
2023-11-07T16:21:04.456-05:00 DEBUG 16524 --- [           main] org.hibernate.type.BasicTypeRegistry     : Adding type registration yes_no -> org.hibernate.type.BasicTypeReference@5e5ddfbc
2023-11-07T16:21:04.456-05:00 DEBUG 16524 --- [           main] org.hibernate.type.BasicTypeRegistry     : Adding type registration org.hibernate.type.YesNoConverter -> org.hibernate.type.BasicTypeReference@5e5ddfbc
2023-11-07T16:21:04.456-05:00 DEBUG 16524 --- [           main] org.hibernate.type.BasicTypeRegistry     : Adding type registration byte -> org.hibernate.type.BasicTypeReference@5bda157e
2023-11-07T16:21:04.456-05:00 DEBUG 16524 --- [           main] org.hibernate.type.BasicTypeRegistry     : Adding type registration byte -> org.hibernate.type.BasicTypeReference@5bda157e
2023-11-07T16:21:04.456-05:00 DEBUG 16524 --- [           main] org.hibernate.type.BasicTypeRegistry     : Adding type registration java.lang.Byte -> org.hibernate.type.BasicTypeReference@5bda157e
2023-11-07T16:21:04.457-05:00 DEBUG 16524 --- [           main] org.hibernate.type.BasicTypeRegistry     : Adding type registration binary -> org.hibernate.type.BasicTypeReference@67e0fd6d
2023-11-07T16:21:04.457-05:00 DEBUG 16524 --- [           main] org.hibernate.type.BasicTypeRegistry     : Adding type registration byte[] -> org.hibernate.type.BasicTypeReference@67e0fd6d
2023-11-07T16:21:04.457-05:00 DEBUG 16524 --- [           main] org.hibernate.type.BasicTypeRegistry     : Adding type registration [B -> org.hibernate.type.BasicTypeReference@67e0fd6d
2023-11-07T16:21:04.458-05:00 DEBUG 16524 --- [           main] org.hibernate.type.BasicTypeRegistry     : Adding type registration binary_wrapper -> org.hibernate.type.BasicTypeReference@1a531422
2023-11-07T16:21:04.459-05:00 DEBUG 16524 --- [           main] org.hibernate.type.BasicTypeRegistry     : Adding type registration wrapper-binary -> org.hibernate.type.BasicTypeReference@1a531422
2023-11-07T16:21:04.459-05:00 DEBUG 16524 --- [           main] org.hibernate.type.BasicTypeRegistry     : Adding type registration image -> org.hibernate.type.BasicTypeReference@7a388990
2023-11-07T16:21:04.459-05:00 DEBUG 16524 --- [           main] org.hibernate.type.BasicTypeRegistry     : Adding type registration blob -> org.hibernate.type.BasicTypeReference@13213f26
2023-11-07T16:21:04.459-05:00 DEBUG 16524 --- [           main] org.hibernate.type.BasicTypeRegistry     : Adding type registration java.sql.Blob -> org.hibernate.type.BasicTypeReference@13213f26
2023-11-07T16:21:04.460-05:00 DEBUG 16524 --- [           main] org.hibernate.type.BasicTypeRegistry     : Adding type registration materialized_blob -> org.hibernate.type.BasicTypeReference@4e4162bc
2023-11-07T16:21:04.460-05:00 DEBUG 16524 --- [           main] org.hibernate.type.BasicTypeRegistry     : Adding type registration materialized_blob_wrapper -> org.hibernate.type.BasicTypeReference@4c319d52
2023-11-07T16:21:04.460-05:00 DEBUG 16524 --- [           main] org.hibernate.type.BasicTypeRegistry     : Adding type registration short -> org.hibernate.type.BasicTypeReference@72fbf94d
2023-11-07T16:21:04.460-05:00 DEBUG 16524 --- [           main] org.hibernate.type.BasicTypeRegistry     : Adding type registration short -> org.hibernate.type.BasicTypeReference@72fbf94d
2023-11-07T16:21:04.460-05:00 DEBUG 16524 --- [           main] org.hibernate.type.BasicTypeRegistry     : Adding type registration java.lang.Short -> org.hibernate.type.BasicTypeReference@72fbf94d
2023-11-07T16:21:04.460-05:00 DEBUG 16524 --- [           main] org.hibernate.type.BasicTypeRegistry     : Adding type registration integer -> org.hibernate.type.BasicTypeReference@6839203b
2023-11-07T16:21:04.461-05:00 DEBUG 16524 --- [           main] org.hibernate.type.BasicTypeRegistry     : Adding type registration int -> org.hibernate.type.BasicTypeReference@6839203b
2023-11-07T16:21:04.461-05:00 DEBUG 16524 --- [           main] org.hibernate.type.BasicTypeRegistry     : Adding type registration java.lang.Integer -> org.hibernate.type.BasicTypeReference@6839203b
2023-11-07T16:21:04.461-05:00 DEBUG 16524 --- [           main] org.hibernate.type.BasicTypeRegistry     : Adding type registration long -> org.hibernate.type.BasicTypeReference@2d28fb02
2023-11-07T16:21:04.461-05:00 DEBUG 16524 --- [           main] org.hibernate.type.BasicTypeRegistry     : Adding type registration long -> org.hibernate.type.BasicTypeReference@2d28fb02
2023-11-07T16:21:04.461-05:00 DEBUG 16524 --- [           main] org.hibernate.type.BasicTypeRegistry     : Adding type registration java.lang.Long -> org.hibernate.type.BasicTypeReference@2d28fb02
2023-11-07T16:21:04.461-05:00 DEBUG 16524 --- [           main] org.hibernate.type.BasicTypeRegistry     : Adding type registration float -> org.hibernate.type.BasicTypeReference@6db328f8
2023-11-07T16:21:04.461-05:00 DEBUG 16524 --- [           main] org.hibernate.type.BasicTypeRegistry     : Adding type registration float -> org.hibernate.type.BasicTypeReference@6db328f8
2023-11-07T16:21:04.461-05:00 DEBUG 16524 --- [           main] org.hibernate.type.BasicTypeRegistry     : Adding type registration java.lang.Float -> org.hibernate.type.BasicTypeReference@6db328f8
2023-11-07T16:21:04.462-05:00 DEBUG 16524 --- [           main] org.hibernate.type.BasicTypeRegistry     : Adding type registration double -> org.hibernate.type.BasicTypeReference@402f8592
2023-11-07T16:21:04.462-05:00 DEBUG 16524 --- [           main] org.hibernate.type.BasicTypeRegistry     : Adding type registration double -> org.hibernate.type.BasicTypeReference@402f8592
2023-11-07T16:21:04.462-05:00 DEBUG 16524 --- [           main] org.hibernate.type.BasicTypeRegistry     : Adding type registration java.lang.Double -> org.hibernate.type.BasicTypeReference@402f8592
2023-11-07T16:21:04.462-05:00 DEBUG 16524 --- [           main] org.hibernate.type.BasicTypeRegistry     : Adding type registration big_integer -> org.hibernate.type.BasicTypeReference@61b65d54
2023-11-07T16:21:04.462-05:00 DEBUG 16524 --- [           main] org.hibernate.type.BasicTypeRegistry     : Adding type registration java.math.BigInteger -> org.hibernate.type.BasicTypeReference@61b65d54
2023-11-07T16:21:04.462-05:00 DEBUG 16524 --- [           main] org.hibernate.type.BasicTypeRegistry     : Adding type registration big_decimal -> org.hibernate.type.BasicTypeReference@b2c4a8b
2023-11-07T16:21:04.463-05:00 DEBUG 16524 --- [           main] org.hibernate.type.BasicTypeRegistry     : Adding type registration java.math.BigDecimal -> org.hibernate.type.BasicTypeReference@b2c4a8b
2023-11-07T16:21:04.463-05:00 DEBUG 16524 --- [           main] org.hibernate.type.BasicTypeRegistry     : Adding type registration character -> org.hibernate.type.BasicTypeReference@7f2c57fe
2023-11-07T16:21:04.463-05:00 DEBUG 16524 --- [           main] org.hibernate.type.BasicTypeRegistry     : Adding type registration char -> org.hibernate.type.BasicTypeReference@7f2c57fe
2023-11-07T16:21:04.463-05:00 DEBUG 16524 --- [           main] org.hibernate.type.BasicTypeRegistry     : Adding type registration java.lang.Character -> org.hibernate.type.BasicTypeReference@7f2c57fe
2023-11-07T16:21:04.463-05:00 DEBUG 16524 --- [           main] org.hibernate.type.BasicTypeRegistry     : Adding type registration character_nchar -> org.hibernate.type.BasicTypeReference@43935e9c
2023-11-07T16:21:04.463-05:00 DEBUG 16524 --- [           main] org.hibernate.type.BasicTypeRegistry     : Adding type registration string -> org.hibernate.type.BasicTypeReference@101cf747
2023-11-07T16:21:04.463-05:00 DEBUG 16524 --- [           main] org.hibernate.type.BasicTypeRegistry     : Adding type registration java.lang.String -> org.hibernate.type.BasicTypeReference@101cf747
2023-11-07T16:21:04.463-05:00 DEBUG 16524 --- [           main] org.hibernate.type.BasicTypeRegistry     : Adding type registration nstring -> org.hibernate.type.BasicTypeReference@790d8fdd
2023-11-07T16:21:04.464-05:00 DEBUG 16524 --- [           main] org.hibernate.type.BasicTypeRegistry     : Adding type registration characters -> org.hibernate.type.BasicTypeReference@6403a4a5
2023-11-07T16:21:04.464-05:00 DEBUG 16524 --- [           main] org.hibernate.type.BasicTypeRegistry     : Adding type registration char[] -> org.hibernate.type.BasicTypeReference@6403a4a5
2023-11-07T16:21:04.464-05:00 DEBUG 16524 --- [           main] org.hibernate.type.BasicTypeRegistry     : Adding type registration [C -> org.hibernate.type.BasicTypeReference@6403a4a5
2023-11-07T16:21:04.464-05:00 DEBUG 16524 --- [           main] org.hibernate.type.BasicTypeRegistry     : Adding type registration wrapper-characters -> org.hibernate.type.BasicTypeReference@3dbd7107
2023-11-07T16:21:04.464-05:00 DEBUG 16524 --- [           main] org.hibernate.type.BasicTypeRegistry     : Adding type registration text -> org.hibernate.type.BasicTypeReference@4a6c0f38
2023-11-07T16:21:04.464-05:00 DEBUG 16524 --- [           main] org.hibernate.type.BasicTypeRegistry     : Adding type registration ntext -> org.hibernate.type.BasicTypeReference@5f8a02cf
2023-11-07T16:21:04.464-05:00 DEBUG 16524 --- [           main] org.hibernate.type.BasicTypeRegistry     : Adding type registration clob -> org.hibernate.type.BasicTypeReference@26d5a317
2023-11-07T16:21:04.464-05:00 DEBUG 16524 --- [           main] org.hibernate.type.BasicTypeRegistry     : Adding type registration java.sql.Clob -> org.hibernate.type.BasicTypeReference@26d5a317
2023-11-07T16:21:04.465-05:00 DEBUG 16524 --- [           main] org.hibernate.type.BasicTypeRegistry     : Adding type registration nclob -> org.hibernate.type.BasicTypeReference@70b6db83
2023-11-07T16:21:04.465-05:00 DEBUG 16524 --- [           main] org.hibernate.type.BasicTypeRegistry     : Adding type registration java.sql.NClob -> org.hibernate.type.BasicTypeReference@70b6db83
2023-11-07T16:21:04.465-05:00 DEBUG 16524 --- [           main] org.hibernate.type.BasicTypeRegistry     : Adding type registration materialized_clob -> org.hibernate.type.BasicTypeReference@5a090f62
2023-11-07T16:21:04.465-05:00 DEBUG 16524 --- [           main] org.hibernate.type.BasicTypeRegistry     : Adding type registration materialized_clob_char_array -> org.hibernate.type.BasicTypeReference@559af296
2023-11-07T16:21:04.465-05:00 DEBUG 16524 --- [           main] org.hibernate.type.BasicTypeRegistry     : Adding type registration materialized_clob_character_array -> org.hibernate.type.BasicTypeReference@5edc3e29
2023-11-07T16:21:04.466-05:00 DEBUG 16524 --- [           main] org.hibernate.type.BasicTypeRegistry     : Adding type registration materialized_nclob -> org.hibernate.type.BasicTypeReference@18709cb2
2023-11-07T16:21:04.466-05:00 DEBUG 16524 --- [           main] org.hibernate.type.BasicTypeRegistry     : Adding type registration materialized_nclob_character_array -> org.hibernate.type.BasicTypeReference@a90e2c1
2023-11-07T16:21:04.466-05:00 DEBUG 16524 --- [           main] org.hibernate.type.BasicTypeRegistry     : Adding type registration materialized_nclob_char_array -> org.hibernate.type.BasicTypeReference@89caf47
2023-11-07T16:21:04.466-05:00 DEBUG 16524 --- [           main] org.hibernate.type.BasicTypeRegistry     : Adding type registration Duration -> org.hibernate.type.BasicTypeReference@370ef50b
2023-11-07T16:21:04.466-05:00 DEBUG 16524 --- [           main] org.hibernate.type.BasicTypeRegistry     : Adding type registration java.time.Duration -> org.hibernate.type.BasicTypeReference@370ef50b
2023-11-07T16:21:04.466-05:00 DEBUG 16524 --- [           main] org.hibernate.type.BasicTypeRegistry     : Adding type registration LocalDateTime -> org.hibernate.type.BasicTypeReference@2b877a54
2023-11-07T16:21:04.466-05:00 DEBUG 16524 --- [           main] org.hibernate.type.BasicTypeRegistry     : Adding type registration java.time.LocalDateTime -> org.hibernate.type.BasicTypeReference@2b877a54
2023-11-07T16:21:04.466-05:00 DEBUG 16524 --- [           main] org.hibernate.type.BasicTypeRegistry     : Adding type registration LocalDate -> org.hibernate.type.BasicTypeReference@268c030f
2023-11-07T16:21:04.466-05:00 DEBUG 16524 --- [           main] org.hibernate.type.BasicTypeRegistry     : Adding type registration java.time.LocalDate -> org.hibernate.type.BasicTypeReference@268c030f
2023-11-07T16:21:04.466-05:00 DEBUG 16524 --- [           main] org.hibernate.type.BasicTypeRegistry     : Adding type registration LocalTime -> org.hibernate.type.BasicTypeReference@4b87760e
2023-11-07T16:21:04.466-05:00 DEBUG 16524 --- [           main] org.hibernate.type.BasicTypeRegistry     : Adding type registration java.time.LocalTime -> org.hibernate.type.BasicTypeReference@4b87760e
2023-11-07T16:21:04.466-05:00 DEBUG 16524 --- [           main] org.hibernate.type.BasicTypeRegistry     : Adding type registration OffsetDateTime -> org.hibernate.type.BasicTypeReference@be164d8
2023-11-07T16:21:04.466-05:00 DEBUG 16524 --- [           main] org.hibernate.type.BasicTypeRegistry     : Adding type registration java.time.OffsetDateTime -> org.hibernate.type.BasicTypeReference@be164d8
2023-11-07T16:21:04.467-05:00 DEBUG 16524 --- [           main] org.hibernate.type.BasicTypeRegistry     : Adding type registration OffsetDateTimeWithTimezone -> org.hibernate.type.BasicTypeReference@1b24ea2a
2023-11-07T16:21:04.467-05:00 DEBUG 16524 --- [           main] org.hibernate.type.BasicTypeRegistry     : Adding type registration OffsetDateTimeWithoutTimezone -> org.hibernate.type.BasicTypeReference@5df6163a
2023-11-07T16:21:04.467-05:00 DEBUG 16524 --- [           main] org.hibernate.type.BasicTypeRegistry     : Adding type registration OffsetTime -> org.hibernate.type.BasicTypeReference@2d313c8c
2023-11-07T16:21:04.467-05:00 DEBUG 16524 --- [           main] org.hibernate.type.BasicTypeRegistry     : Adding type registration java.time.OffsetTime -> org.hibernate.type.BasicTypeReference@2d313c8c
2023-11-07T16:21:04.467-05:00 DEBUG 16524 --- [           main] org.hibernate.type.BasicTypeRegistry     : Adding type registration OffsetTimeUtc -> org.hibernate.type.BasicTypeReference@2df65a56
2023-11-07T16:21:04.467-05:00 DEBUG 16524 --- [           main] org.hibernate.type.BasicTypeRegistry     : Adding type registration OffsetTimeWithTimezone -> org.hibernate.type.BasicTypeReference@113f9078
2023-11-07T16:21:04.467-05:00 DEBUG 16524 --- [           main] org.hibernate.type.BasicTypeRegistry     : Adding type registration OffsetTimeWithoutTimezone -> org.hibernate.type.BasicTypeReference@7c1503a3
2023-11-07T16:21:04.468-05:00 DEBUG 16524 --- [           main] org.hibernate.type.BasicTypeRegistry     : Adding type registration ZonedDateTime -> org.hibernate.type.BasicTypeReference@586495f1
2023-11-07T16:21:04.468-05:00 DEBUG 16524 --- [           main] org.hibernate.type.BasicTypeRegistry     : Adding type registration java.time.ZonedDateTime -> org.hibernate.type.BasicTypeReference@586495f1
2023-11-07T16:21:04.468-05:00 DEBUG 16524 --- [           main] org.hibernate.type.BasicTypeRegistry     : Adding type registration ZonedDateTimeWithTimezone -> org.hibernate.type.BasicTypeReference@47df5041
2023-11-07T16:21:04.469-05:00 DEBUG 16524 --- [           main] org.hibernate.type.BasicTypeRegistry     : Adding type registration ZonedDateTimeWithoutTimezone -> org.hibernate.type.BasicTypeReference@2a0ea492
2023-11-07T16:21:04.469-05:00 DEBUG 16524 --- [           main] org.hibernate.type.BasicTypeRegistry     : Adding type registration date -> org.hibernate.type.BasicTypeReference@7e52a26b
2023-11-07T16:21:04.469-05:00 DEBUG 16524 --- [           main] org.hibernate.type.BasicTypeRegistry     : Adding type registration java.sql.Date -> org.hibernate.type.BasicTypeReference@7e52a26b
2023-11-07T16:21:04.469-05:00 DEBUG 16524 --- [           main] org.hibernate.type.BasicTypeRegistry     : Adding type registration time -> org.hibernate.type.BasicTypeReference@2e56b4d
2023-11-07T16:21:04.470-05:00 DEBUG 16524 --- [           main] org.hibernate.type.BasicTypeRegistry     : Adding type registration java.sql.Time -> org.hibernate.type.BasicTypeReference@2e56b4d
2023-11-07T16:21:04.470-05:00 DEBUG 16524 --- [           main] org.hibernate.type.BasicTypeRegistry     : Adding type registration timestamp -> org.hibernate.type.BasicTypeReference@3f857e08
2023-11-07T16:21:04.470-05:00 DEBUG 16524 --- [           main] org.hibernate.type.BasicTypeRegistry     : Adding type registration java.sql.Timestamp -> org.hibernate.type.BasicTypeReference@3f857e08
2023-11-07T16:21:04.470-05:00 DEBUG 16524 --- [           main] org.hibernate.type.BasicTypeRegistry     : Adding type registration java.util.Date -> org.hibernate.type.BasicTypeReference@3f857e08
2023-11-07T16:21:04.470-05:00 DEBUG 16524 --- [           main] org.hibernate.type.BasicTypeRegistry     : Adding type registration calendar -> org.hibernate.type.BasicTypeReference@6070775e
2023-11-07T16:21:04.470-05:00 DEBUG 16524 --- [           main] org.hibernate.type.BasicTypeRegistry     : Adding type registration java.util.Calendar -> org.hibernate.type.BasicTypeReference@6070775e
2023-11-07T16:21:04.470-05:00 DEBUG 16524 --- [           main] org.hibernate.type.BasicTypeRegistry     : Adding type registration java.util.GregorianCalendar -> org.hibernate.type.BasicTypeReference@6070775e
2023-11-07T16:21:04.470-05:00 DEBUG 16524 --- [           main] org.hibernate.type.BasicTypeRegistry     : Adding type registration calendar_date -> org.hibernate.type.BasicTypeReference@b5ac0c1
2023-11-07T16:21:04.470-05:00 DEBUG 16524 --- [           main] org.hibernate.type.BasicTypeRegistry     : Adding type registration calendar_time -> org.hibernate.type.BasicTypeReference@224c7de4
2023-11-07T16:21:04.471-05:00 DEBUG 16524 --- [           main] org.hibernate.type.BasicTypeRegistry     : Adding type registration instant -> org.hibernate.type.BasicTypeReference@36ad229b
2023-11-07T16:21:04.471-05:00 DEBUG 16524 --- [           main] org.hibernate.type.BasicTypeRegistry     : Adding type registration java.time.Instant -> org.hibernate.type.BasicTypeReference@36ad229b
2023-11-07T16:21:04.471-05:00 DEBUG 16524 --- [           main] org.hibernate.type.BasicTypeRegistry     : Adding type registration uuid -> org.hibernate.type.BasicTypeReference@55846997
2023-11-07T16:21:04.471-05:00 DEBUG 16524 --- [           main] org.hibernate.type.BasicTypeRegistry     : Adding type registration java.util.UUID -> org.hibernate.type.BasicTypeReference@55846997
2023-11-07T16:21:04.471-05:00 DEBUG 16524 --- [           main] org.hibernate.type.BasicTypeRegistry     : Adding type registration pg-uuid -> org.hibernate.type.BasicTypeReference@55846997
2023-11-07T16:21:04.471-05:00 DEBUG 16524 --- [           main] org.hibernate.type.BasicTypeRegistry     : Adding type registration uuid-binary -> org.hibernate.type.BasicTypeReference@805e72e
2023-11-07T16:21:04.471-05:00 DEBUG 16524 --- [           main] org.hibernate.type.BasicTypeRegistry     : Adding type registration uuid-char -> org.hibernate.type.BasicTypeReference@49671897
2023-11-07T16:21:04.471-05:00 DEBUG 16524 --- [           main] org.hibernate.type.BasicTypeRegistry     : Adding type registration class -> org.hibernate.type.BasicTypeReference@168142da
2023-11-07T16:21:04.471-05:00 DEBUG 16524 --- [           main] org.hibernate.type.BasicTypeRegistry     : Adding type registration java.lang.Class -> org.hibernate.type.BasicTypeReference@168142da
2023-11-07T16:21:04.471-05:00 DEBUG 16524 --- [           main] org.hibernate.type.BasicTypeRegistry     : Adding type registration currency -> org.hibernate.type.BasicTypeReference@60bf494c
2023-11-07T16:21:04.471-05:00 DEBUG 16524 --- [           main] org.hibernate.type.BasicTypeRegistry     : Adding type registration Currency -> org.hibernate.type.BasicTypeReference@60bf494c
2023-11-07T16:21:04.472-05:00 DEBUG 16524 --- [           main] org.hibernate.type.BasicTypeRegistry     : Adding type registration java.util.Currency -> org.hibernate.type.BasicTypeReference@60bf494c
2023-11-07T16:21:04.472-05:00 DEBUG 16524 --- [           main] org.hibernate.type.BasicTypeRegistry     : Adding type registration locale -> org.hibernate.type.BasicTypeReference@47a4eee2
2023-11-07T16:21:04.472-05:00 DEBUG 16524 --- [           main] org.hibernate.type.BasicTypeRegistry     : Adding type registration java.util.Locale -> org.hibernate.type.BasicTypeReference@47a4eee2
2023-11-07T16:21:04.472-05:00 DEBUG 16524 --- [           main] org.hibernate.type.BasicTypeRegistry     : Adding type registration serializable -> org.hibernate.type.BasicTypeReference@36f6e521
2023-11-07T16:21:04.472-05:00 DEBUG 16524 --- [           main] org.hibernate.type.BasicTypeRegistry     : Adding type registration java.io.Serializable -> org.hibernate.type.BasicTypeReference@36f6e521
2023-11-07T16:21:04.472-05:00 DEBUG 16524 --- [           main] org.hibernate.type.BasicTypeRegistry     : Adding type registration timezone -> org.hibernate.type.BasicTypeReference@2afdf6b7
2023-11-07T16:21:04.472-05:00 DEBUG 16524 --- [           main] org.hibernate.type.BasicTypeRegistry     : Adding type registration java.util.TimeZone -> org.hibernate.type.BasicTypeReference@2afdf6b7
2023-11-07T16:21:04.473-05:00 DEBUG 16524 --- [           main] org.hibernate.type.BasicTypeRegistry     : Adding type registration ZoneOffset -> org.hibernate.type.BasicTypeReference@30922f8d
2023-11-07T16:21:04.473-05:00 DEBUG 16524 --- [           main] org.hibernate.type.BasicTypeRegistry     : Adding type registration java.time.ZoneOffset -> org.hibernate.type.BasicTypeReference@30922f8d
2023-11-07T16:21:04.473-05:00 DEBUG 16524 --- [           main] org.hibernate.type.BasicTypeRegistry     : Adding type registration url -> org.hibernate.type.BasicTypeReference@50211483
2023-11-07T16:21:04.473-05:00 DEBUG 16524 --- [           main] org.hibernate.type.BasicTypeRegistry     : Adding type registration java.net.URL -> org.hibernate.type.BasicTypeReference@50211483
2023-11-07T16:21:04.473-05:00 DEBUG 16524 --- [           main] org.hibernate.type.BasicTypeRegistry     : Adding type registration row_version -> org.hibernate.type.BasicTypeReference@51ff3c4b
2023-11-07T16:21:04.481-05:00 DEBUG 16524 --- [           main] org.hibernate.type.BasicTypeRegistry     : Adding type registration object -> org.hibernate.type.JavaObjectType@6a2d867d
2023-11-07T16:21:04.482-05:00 DEBUG 16524 --- [           main] org.hibernate.type.BasicTypeRegistry     : Adding type registration java.lang.Object -> org.hibernate.type.JavaObjectType@6a2d867d
2023-11-07T16:21:04.484-05:00 DEBUG 16524 --- [           main] org.hibernate.type.BasicTypeRegistry     : Adding type registration null -> org.hibernate.type.NullType@13cc0b90
2023-11-07T16:21:04.484-05:00 DEBUG 16524 --- [           main] org.hibernate.type.BasicTypeRegistry     : Adding type registration imm_date -> org.hibernate.type.BasicTypeReference@58687fb7
2023-11-07T16:21:04.484-05:00 DEBUG 16524 --- [           main] org.hibernate.type.BasicTypeRegistry     : Adding type registration imm_time -> org.hibernate.type.BasicTypeReference@3554bdc0
2023-11-07T16:21:04.484-05:00 DEBUG 16524 --- [           main] org.hibernate.type.BasicTypeRegistry     : Adding type registration imm_timestamp -> org.hibernate.type.BasicTypeReference@3a3b10f4
2023-11-07T16:21:04.484-05:00 DEBUG 16524 --- [           main] org.hibernate.type.BasicTypeRegistry     : Adding type registration imm_calendar -> org.hibernate.type.BasicTypeReference@49580ca8
2023-11-07T16:21:04.485-05:00 DEBUG 16524 --- [           main] org.hibernate.type.BasicTypeRegistry     : Adding type registration imm_calendar_date -> org.hibernate.type.BasicTypeReference@525647f3
2023-11-07T16:21:04.485-05:00 DEBUG 16524 --- [           main] org.hibernate.type.BasicTypeRegistry     : Adding type registration imm_calendar_time -> org.hibernate.type.BasicTypeReference@42fc4ac4
2023-11-07T16:21:04.485-05:00 DEBUG 16524 --- [           main] org.hibernate.type.BasicTypeRegistry     : Adding type registration imm_binary -> org.hibernate.type.BasicTypeReference@20a24edf
2023-11-07T16:21:04.485-05:00 DEBUG 16524 --- [           main] org.hibernate.type.BasicTypeRegistry     : Adding type registration imm_serializable -> org.hibernate.type.BasicTypeReference@29962b2f
2023-11-07T16:21:04.816-05:00  INFO 16524 --- [           main] o.s.o.j.p.SpringPersistenceUnitInfo      : No LoadTimeWeaver setup: ignoring JPA class transformer
2023-11-07T16:21:04.859-05:00  INFO 16524 --- [           main] com.zaxxer.hikari.HikariDataSource       : HikariPool-1 - Starting...
2023-11-07T16:21:07.814-05:00  INFO 16524 --- [           main] com.zaxxer.hikari.pool.HikariPool        : HikariPool-1 - Added connection com.mysql.cj.jdbc.ConnectionImpl@1201e064
2023-11-07T16:21:07.816-05:00  INFO 16524 --- [           main] com.zaxxer.hikari.HikariDataSource       : HikariPool-1 - Start completed.
2023-11-07T16:21:08.291-05:00 DEBUG 16524 --- [           main] o.h.t.d.sql.spi.DdlTypeRegistry          : addDescriptor(12, org.hibernate.type.descriptor.sql.internal.CapacityDependentDdlType@581918f6) replaced previous registration(org.hibernate.type.descriptor.sql.internal.CapacityDependentDdlType@1958c0d9)
2023-11-07T16:21:08.292-05:00 DEBUG 16524 --- [           main] o.h.t.d.sql.spi.DdlTypeRegistry          : addDescriptor(-9, org.hibernate.type.descriptor.sql.internal.CapacityDependentDdlType@d8e4250) replaced previous registration(org.hibernate.type.descriptor.sql.internal.CapacityDependentDdlType@100807ca)
2023-11-07T16:21:08.292-05:00 DEBUG 16524 --- [           main] o.h.t.d.sql.spi.DdlTypeRegistry          : addDescriptor(-3, org.hibernate.type.descriptor.sql.internal.CapacityDependentDdlType@c67395) replaced previous registration(org.hibernate.type.descriptor.sql.internal.CapacityDependentDdlType@5fc7255c)
2023-11-07T16:21:08.292-05:00 DEBUG 16524 --- [           main] o.h.t.d.sql.spi.DdlTypeRegistry          : addDescriptor(4003, org.hibernate.type.descriptor.sql.internal.DdlTypeImpl@20a47036) replaced previous registration(org.hibernate.type.descriptor.sql.internal.DdlTypeImpl@70c205bf)
2023-11-07T16:21:08.292-05:00 DEBUG 16524 --- [           main] o.h.t.d.sql.spi.DdlTypeRegistry          : addDescriptor(4001, org.hibernate.type.descriptor.sql.internal.DdlTypeImpl@43ab9ae9) replaced previous registration(org.hibernate.type.descriptor.sql.internal.DdlTypeImpl@2520aa05)
2023-11-07T16:21:08.292-05:00 DEBUG 16524 --- [           main] o.h.t.d.sql.spi.DdlTypeRegistry          : addDescriptor(4002, org.hibernate.type.descriptor.sql.internal.DdlTypeImpl@26865b57) replaced previous registration(org.hibernate.type.descriptor.sql.internal.DdlTypeImpl@46894dc5)
2023-11-07T16:21:08.293-05:00 DEBUG 16524 --- [           main] o.h.t.d.sql.spi.DdlTypeRegistry          : addDescriptor(2004, org.hibernate.type.descriptor.sql.internal.CapacityDependentDdlType@596afb2f) replaced previous registration(org.hibernate.type.descriptor.sql.internal.DdlTypeImpl@79ba0285)
2023-11-07T16:21:08.293-05:00 DEBUG 16524 --- [           main] o.h.t.d.sql.spi.DdlTypeRegistry          : addDescriptor(2005, org.hibernate.type.descriptor.sql.internal.CapacityDependentDdlType@6df2a206) replaced previous registration(org.hibernate.type.descriptor.sql.internal.DdlTypeImpl@61993d18)
2023-11-07T16:21:08.293-05:00 DEBUG 16524 --- [           main] o.h.t.d.sql.spi.DdlTypeRegistry          : addDescriptor(2011, org.hibernate.type.descriptor.sql.internal.CapacityDependentDdlType@6f240187) replaced previous registration(org.hibernate.type.descriptor.sql.internal.DdlTypeImpl@46a388cc)
2023-11-07T16:21:08.295-05:00 DEBUG 16524 --- [           main] o.h.t.d.jdbc.spi.JdbcTypeRegistry        : addDescriptor(NCharTypeDescriptor) replaced previous registration(CharTypeDescriptor)
2023-11-07T16:21:08.295-05:00 DEBUG 16524 --- [           main] o.h.t.d.jdbc.spi.JdbcTypeRegistry        : addDescriptor(NVarcharTypeDescriptor) replaced previous registration(VarcharTypeDescriptor)
2023-11-07T16:21:08.298-05:00 DEBUG 16524 --- [           main] o.h.t.d.jdbc.spi.JdbcTypeRegistry        : addDescriptor(LongNVarcharTypeDescriptor) replaced previous registration(LongVarcharTypeDescriptor)
2023-11-07T16:21:08.301-05:00 DEBUG 16524 --- [           main] o.h.t.d.jdbc.spi.JdbcTypeRegistry        : addDescriptor(NClobTypeDescriptor(DEFAULT)) replaced previous registration(ClobTypeDescriptor(DEFAULT))
2023-11-07T16:21:08.301-05:00 DEBUG 16524 --- [           main] o.h.t.d.jdbc.spi.JdbcTypeRegistry        : addDescriptor(2005, ClobTypeDescriptor(STREAM_BINDING)) replaced previous registration(ClobTypeDescriptor(DEFAULT))
2023-11-07T16:21:08.308-05:00 DEBUG 16524 --- [           main] org.hibernate.type.BasicTypeRegistry     : Adding type registration null -> org.hibernate.type.NullType@342a1f84
2023-11-07T16:21:08.309-05:00 DEBUG 16524 --- [           main] org.hibernate.type.BasicTypeRegistry     : Type registration key [null] overrode previous entry : `org.hibernate.type.NullType@13cc0b90`
2023-11-07T16:21:08.319-05:00 DEBUG 16524 --- [           main] org.hibernate.type.BasicTypeRegistry     : Adding type registration Duration -> basicType@1(java.time.Duration,2)
2023-11-07T16:21:08.320-05:00 DEBUG 16524 --- [           main] org.hibernate.type.BasicTypeRegistry     : Adding type registration java.time.Duration -> basicType@1(java.time.Duration,2)
2023-11-07T16:21:08.325-05:00 DEBUG 16524 --- [           main] org.hibernate.type.BasicTypeRegistry     : Adding type registration org.hibernate.type.OffsetDateTimeType -> basicType@2(java.time.OffsetDateTime,3003)
2023-11-07T16:21:08.325-05:00 DEBUG 16524 --- [           main] org.hibernate.type.BasicTypeRegistry     : Adding type registration OffsetDateTime -> basicType@2(java.time.OffsetDateTime,3003)
2023-11-07T16:21:08.326-05:00 DEBUG 16524 --- [           main] org.hibernate.type.BasicTypeRegistry     : Adding type registration java.time.OffsetDateTime -> basicType@2(java.time.OffsetDateTime,3003)
2023-11-07T16:21:08.326-05:00 DEBUG 16524 --- [           main] org.hibernate.type.BasicTypeRegistry     : Adding type registration org.hibernate.type.ZonedDateTimeType -> basicType@3(java.time.ZonedDateTime,3003)
2023-11-07T16:21:08.326-05:00 DEBUG 16524 --- [           main] org.hibernate.type.BasicTypeRegistry     : Adding type registration ZonedDateTime -> basicType@3(java.time.ZonedDateTime,3003)
2023-11-07T16:21:08.326-05:00 DEBUG 16524 --- [           main] org.hibernate.type.BasicTypeRegistry     : Adding type registration java.time.ZonedDateTime -> basicType@3(java.time.ZonedDateTime,3003)
2023-11-07T16:21:08.328-05:00 DEBUG 16524 --- [           main] org.hibernate.type.BasicTypeRegistry     : Adding type registration org.hibernate.type.OffsetTimeType -> basicType@4(java.time.OffsetTime,3007)
2023-11-07T16:21:08.328-05:00 DEBUG 16524 --- [           main] org.hibernate.type.BasicTypeRegistry     : Adding type registration OffsetTime -> basicType@4(java.time.OffsetTime,3007)
2023-11-07T16:21:08.328-05:00 DEBUG 16524 --- [           main] org.hibernate.type.BasicTypeRegistry     : Adding type registration java.time.OffsetTime -> basicType@4(java.time.OffsetTime,3007)
2023-11-07T16:21:08.330-05:00 DEBUG 16524 --- [           main] o.h.type.spi.TypeConfiguration$Scope     : Scoping TypeConfiguration [org.hibernate.type.spi.TypeConfiguration@51f34185] to MetadataBuildingContext [org.hibernate.boot.internal.MetadataBuildingContextRootImpl@1b8d20e6]
2023-11-07T16:21:09.844-05:00  INFO 16524 --- [           main] o.h.e.t.j.p.i.JtaPlatformInitiator       : HHH000489: No JTA platform available (set 'hibernate.transaction.jta.platform' to enable JTA platform integration)
2023-11-07T16:21:09.845-05:00 DEBUG 16524 --- [           main] o.h.type.spi.TypeConfiguration$Scope     : Scoping TypeConfiguration [org.hibernate.type.spi.TypeConfiguration@51f34185] to SessionFactoryImplementor [org.hibernate.internal.SessionFactoryImpl@52f118aa]
2023-11-07T16:21:09.850-05:00 TRACE 16524 --- [           main] o.h.type.spi.TypeConfiguration$Scope     : Handling #sessionFactoryCreated from [org.hibernate.internal.SessionFactoryImpl@52f118aa] for TypeConfiguration
2023-11-07T16:21:09.850-05:00  INFO 16524 --- [           main] j.LocalContainerEntityManagerFactoryBean : Initialized JPA EntityManagerFactory for persistence unit 'default'
2023-11-07T16:21:10.235-05:00 DEBUG 16524 --- [           main] o.h.stat.internal.StatisticsInitiator    : Statistics initialized [enabled=false]
2023-11-07T16:21:10.533-05:00  INFO 16524 --- [           main] o.s.d.j.r.query.QueryEnhancerFactory     : Hibernate is in classpath; If applicable, HQL parser will be used.
2023-11-07T16:21:13.166-05:00  INFO 16524 --- [           main] .c.UltimoServicioRestApiApplicationTests : Started UltimoServicioRestApiApplicationTests in 12.637 seconds (process running for 15.241)
]]></system-out>
  </testcase>
</testsuite>